c:\users\lenovo\documents\myvs\lab_10-12_festival\debug\vc142.pdb
c:\users\lenovo\documents\myvs\lab_10-12_festival\debug\vc142.idb
c:\users\lenovo\documents\myvs\lab_10-12_festival\debug\user.obj
c:\users\lenovo\documents\myvs\lab_10-12_festival\debug\show.obj
c:\users\lenovo\documents\myvs\lab_10-12_festival\debug\repotxt.obj
c:\users\lenovo\documents\myvs\lab_10-12_festival\debug\repocsv.obj
c:\users\lenovo\documents\myvs\lab_10-12_festival\debug\repo.obj
c:\users\lenovo\documents\myvs\lab_10-12_festival\debug\movie.obj
c:\users\lenovo\documents\myvs\lab_10-12_festival\debug\lab_10-12_festival.obj
c:\users\lenovo\documents\myvs\lab_10-12_festival\debug\artist.obj
c:\users\lenovo\documents\myvs\lab_10-12_festival\debug\ui.obj
c:\users\lenovo\documents\myvs\lab_10-12_festival\debug\service.obj
c:\users\lenovo\documents\myvs\lab_10-12_festival\debug\lab_10-12_festival.exe
c:\users\lenovo\documents\myvs\lab_10-12_festival\debug\lab_10-12_festival.ilk
c:\users\lenovo\documents\myvs\lab_10-12_festival\debug\lab_10-12_festival.pdb
c:\users\lenovo\documents\myvs\lab_10-12_festival\debug\lab_10-1.5af254c3.tlog\cl.command.1.tlog
c:\users\lenovo\documents\myvs\lab_10-12_festival\debug\lab_10-1.5af254c3.tlog\cl.read.1.tlog
c:\users\lenovo\documents\myvs\lab_10-12_festival\debug\lab_10-1.5af254c3.tlog\cl.write.1.tlog
c:\users\lenovo\documents\myvs\lab_10-12_festival\debug\lab_10-1.5af254c3.tlog\link.command.1.tlog
c:\users\lenovo\documents\myvs\lab_10-12_festival\debug\lab_10-1.5af254c3.tlog\link.read.1.tlog
c:\users\lenovo\documents\myvs\lab_10-12_festival\debug\lab_10-1.5af254c3.tlog\link.write.1.tlog
